TN:
SF:script/initiator.sol
FN:13,initiator.run
FNDA:0,initiator.run
DA:14,0
DA:17,0
FNF:1
FNH:0
LF:2
LH:0
BRF:0
BRH:0
end_of_record
TN:
SF:src/ERC20Sample.sol
FN:18,TestERC20.mint
FNDA:0,TestERC20.mint
DA:19,0
DA:20,0
FNF:1
FNH:0
LF:2
LH:0
BRF:0
BRH:0
end_of_record
TN:
SF:src/MockERC20.sol
FN:16,MockERC20.decimals
FNDA:0,MockERC20.decimals
DA:17,0
FN:20,MockERC20.setDecimals
FNDA:0,MockERC20.setDecimals
DA:21,0
FN:24,MockERC20.mint
FNDA:289,MockERC20.mint
DA:25,289
FNF:3
FNH:1
LF:3
LH:1
BRF:0
BRH:0
end_of_record
TN:
SF:src/abstract/Compatibility.sol
FN:7,Compatibility.onERC721Received
FNDA:0,Compatibility.onERC721Received
DA:8,0
FN:11,Compatibility.onERC1155Received
FNDA:0,Compatibility.onERC1155Received
DA:12,0
FN:15,Compatibility.onERC1155BatchReceived
FNDA:0,Compatibility.onERC1155BatchReceived
DA:20,0
FNF:3
FNH:0
LF:3
LH:0
BRF:0
BRH:0
end_of_record
TN:
SF:src/abstract/KernelStorage.sol
FN:86,KernelStorage.initialize
FNDA:0,KernelStorage.initialize
DA:87,0
DA:88,0
BRDA:88,0,0,-
BRDA:88,0,1,-
DA:89,0
DA:90,0
DA:91,0
DA:92,0
FN:96,KernelStorage.getKernelStorage
FNDA:0,KernelStorage.getKernelStorage
DA:97,0
DA:99,0
FN:104,KernelStorage.upgradeTo
FNDA:0,KernelStorage.upgradeTo
DA:105,0
DA:109,0
FN:113,KernelStorage.getNonce
FNDA:0,KernelStorage.getNonce
DA:114,0
FN:117,KernelStorage.getNonce
FNDA:0,KernelStorage.getNonce
DA:118,0
FN:122,KernelStorage.getDefaultValidator
FNDA:0,KernelStorage.getDefaultValidator
DA:123,0
FN:126,KernelStorage.getDisabledMode
FNDA:0,KernelStorage.getDisabledMode
DA:127,0
FN:130,KernelStorage.getLastDisabledTime
FNDA:0,KernelStorage.getLastDisabledTime
DA:131,0
FN:138,KernelStorage.getExecution
FNDA:0,KernelStorage.getExecution
DA:139,0
FN:149,KernelStorage.setExecution
FNDA:0,KernelStorage.setExecution
DA:157,0
DA:163,0
DA:164,0
FN:174,KernelStorage.setExecutionMultiSelector
FNDA:0,KernelStorage.setExecutionMultiSelector
DA:182,0
DA:183,0
DA:189,0
DA:190,0
FN:194,KernelStorage.setDefaultValidator
FNDA:0,KernelStorage.setDefaultValidator
DA:198,0
DA:199,0
DA:200,0
DA:201,0
FN:204,KernelStorage.setOwner
FNDA:0,KernelStorage.setOwner
DA:205,0
BRDA:205,1,0,-
BRDA:205,1,1,-
DA:206,0
FN:209,KernelStorage.getOwner
FNDA:0,KernelStorage.getOwner
DA:210,0
FN:216,KernelStorage.disableMode
FNDA:0,KernelStorage.disableMode
DA:217,0
DA:218,0
FNF:15
FNH:0
LF:32
LH:0
BRF:4
BRH:0
end_of_record
TN:
SF:src/echidna/Debugger.sol
FN:19,Debugger.log
FNDA:0,Debugger.log
DA:20,0
FN:23,Debugger.log
FNDA:0,Debugger.log
DA:24,0
FN:27,Debugger.log
FNDA:0,Debugger.log
DA:32,0
FN:35,Debugger.log
FNDA:0,Debugger.log
DA:36,0
FN:39,Debugger.log
FNDA:0,Debugger.log
DA:44,0
FN:47,Debugger.log
FNDA:0,Debugger.log
DA:48,0
FN:51,Debugger.log
FNDA:0,Debugger.log
DA:56,0
FN:59,Debugger.log
FNDA:0,Debugger.log
DA:60,0
FN:63,Debugger.log
FNDA:0,Debugger.log
DA:68,0
FN:71,Debugger.log
FNDA:0,Debugger.log
DA:72,0
FN:75,Debugger.log
FNDA:0,Debugger.log
DA:80,0
FN:83,Debugger.log
FNDA:0,Debugger.log
DA:84,0
FN:87,Debugger.log
FNDA:0,Debugger.log
DA:92,0
FNF:13
FNH:0
LF:13
LH:0
BRF:0
BRH:0
end_of_record
TN:
SF:src/subscriptions/Initiator.sol
FN:20,Initiator.registerSubscription
FNDA:505246,Initiator.registerSubscription
DA:27,505246
BRDA:27,0,0,-
BRDA:27,0,1,505246
DA:28,505246
BRDA:28,1,0,-
BRDA:28,1,1,505246
DA:29,505246
BRDA:29,2,0,230
BRDA:29,2,1,505016
DA:31,505016
DA:41,505016
DA:42,505016
FN:45,Initiator.removeSubscription
FNDA:465,Initiator.removeSubscription
DA:46,465
BRDA:46,3,0,230
BRDA:46,3,1,235
DA:47,235
FN:50,Initiator.getSubscription
FNDA:719,Initiator.getSubscription
DA:51,719
DA:52,719
FN:55,Initiator.getSubscribers
FNDA:266,Initiator.getSubscribers
DA:56,266
FN:60,Initiator.initiatePayment
FNDA:482,Initiator.initiatePayment
DA:61,482
DA:63,482
DA:64,482
DA:65,482
DA:66,482
DA:68,482
DA:69,482
DA:70,482
DA:72,482
DA:73,482
DA:75,482
DA:76,482
DA:77,482
DA:79,482
BRDA:79,4,0,241
BRDA:79,4,1,241
DA:80,241
BRDA:80,5,0,-
BRDA:80,5,1,241
DA:81,241
BRDA:81,6,0,-
BRDA:81,6,1,241
DA:82,241
BRDA:82,7,0,-
BRDA:82,7,1,241
DA:84,241
DA:92,241
FN:95,Initiator.withdrawETH
FNDA:2,Initiator.withdrawETH
DA:96,1
FN:99,Initiator.withdrawERC20
FNDA:2,Initiator.withdrawERC20
DA:100,1
DA:101,1
FN:106,Initiator.setSubExecutor
FNDA:0,Initiator.setSubExecutor
DA:107,0
DA:108,0
FNF:8
FNH:7
LF:35
LH:33
BRF:16
BRH:11
end_of_record
TN:
SF:src/subscriptions/SubExecutor.sol
FN:20,SubExecutor.getKernelStorage
FNDA:12831,SubExecutor.getKernelStorage
DA:21,12831
DA:23,12831
FN:27,SubExecutor.getOwner
FNDA:2152,SubExecutor.getOwner
DA:28,2152
FN:42,SubExecutor.createSubscription
FNDA:2973,SubExecutor.createSubscription
DA:49,2633
BRDA:49,0,0,1
BRDA:49,0,1,2632
DA:50,2632
DA:60,2632
DA:62,2632
FN:65,SubExecutor.modifySubscription
FNDA:1202,SubExecutor.modifySubscription
DA:72,972
DA:83,972
DA:85,972
FN:88,SubExecutor.revokeSubscription
FNDA:4,SubExecutor.revokeSubscription
DA:89,3
DA:90,3
DA:91,3
FN:94,SubExecutor.getSubscription
FNDA:1286,SubExecutor.getSubscription
DA:95,1286
FN:98,SubExecutor.getPaymentHistory
FNDA:0,SubExecutor.getPaymentHistory
DA:99,0
FN:102,SubExecutor.processPayment
FNDA:738,SubExecutor.processPayment
DA:103,738
DA:105,738
DA:106,738
DA:107,738
DA:109,738
DA:110,738
DA:111,738
DA:112,738
DA:114,738
DA:115,738
DA:116,738
DA:118,738
DA:119,738
DA:120,738
DA:122,738
BRDA:122,1,0,-
BRDA:122,1,1,738
DA:123,738
BRDA:123,2,0,241
BRDA:123,2,1,497
DA:124,497
BRDA:124,3,0,-
BRDA:124,3,1,497
DA:127,497
DA:128,497
BRDA:128,4,0,-
BRDA:128,4,1,-
DA:129,0
DA:130,0
BRDA:130,5,0,-
BRDA:130,5,1,-
DA:132,497
BRDA:132,6,0,113
BRDA:132,6,1,372
DA:141,372
DA:144,372
BRDA:144,7,0,372
BRDA:144,7,1,-
DA:145,372
DA:147,0
DA:150,257
FN:153,SubExecutor.getLastPaidTimestamp
FNDA:0,SubExecutor.getLastPaidTimestamp
DA:154,0
DA:155,0
BRDA:155,8,0,-
BRDA:155,8,1,-
DA:156,0
DA:158,0
DA:159,0
FN:162,SubExecutor._processERC20Payment
FNDA:372,SubExecutor._processERC20Payment
DA:163,372
DA:164,372
DA:165,372
DA:166,372
BRDA:166,9,0,115
BRDA:166,9,1,257
DA:168,257
DA:169,257
DA:170,257
BRDA:170,10,0,-
BRDA:170,10,1,257
DA:172,257
DA:173,257
FN:175,SubExecutor._processNativePayment
FNDA:0,SubExecutor._processNativePayment
DA:176,0
BRDA:176,11,0,-
BRDA:176,11,1,-
DA:177,0
FNF:11
FNH:8
LF:58
LH:47
BRF:24
BRH:12
end_of_record
TN:
SF:test/Initiator/Foundry/SetUp.sol
FN:20,SetUp_F_Initiator.setUp
FNDA:0,SetUp_F_Initiator.setUp
DA:22,0
DA:23,0
DA:25,0
DA:26,0
DA:28,0
DA:30,0
DA:31,0
DA:32,0
DA:34,0
DA:36,0
DA:37,0
DA:38,0
DA:39,0
DA:41,0
DA:42,0
DA:43,0
DA:44,0
DA:45,0
DA:46,0
DA:47,0
DA:48,0
DA:49,0
DA:50,0
FNF:1
FNH:0
LF:23
LH:0
BRF:0
BRH:0
end_of_record
TN:
SF:test/Initiator/Halmos/Fuzz/FuzzHalmos.t.sol
FN:13,HalmosInitiatorTest.check_testRegisterSubscriptionFuzz
FNDA:0,HalmosInitiatorTest.check_testRegisterSubscriptionFuzz
DA:20,0
DA:21,0
DA:23,0
DA:25,0
DA:26,0
DA:28,0
DA:29,0
DA:30,0
DA:31,0
DA:32,0
DA:33,0
DA:34,0
DA:35,0
FN:42,HalmosInitiatorTest.check_testFuzzMultipleSubscriptions
FNDA:0,HalmosInitiatorTest.check_testFuzzMultipleSubscriptions
DA:43,0
DA:44,0
DA:46,0
DA:48,0
DA:49,0
DA:50,0
DA:52,0
DA:53,0
DA:54,0
DA:56,0
DA:57,0
DA:58,0
DA:59,0
DA:60,0
DA:61,0
FN:68,HalmosInitiatorTest.check_testFUZZ_remove
FNDA:0,HalmosInitiatorTest.check_testFUZZ_remove
DA:75,0
DA:76,0
DA:78,0
DA:79,0
DA:81,0
DA:82,0
DA:84,0
DA:85,0
DA:86,0
DA:87,0
BRDA:87,0,0,-
BRDA:87,0,1,-
DA:88,0
DA:89,0
DA:92,0
FN:101,HalmosInitiatorTest.check_test_failTokenFalse
FNDA:0,HalmosInitiatorTest.check_test_failTokenFalse
DA:107,0
DA:109,0
DA:110,0
DA:111,0
DA:112,0
DA:114,0
DA:115,0
DA:117,0
DA:118,0
DA:119,0
DA:125,0
BRDA:125,1,0,-
BRDA:125,1,1,-
DA:126,0
DA:129,0
DA:130,0
DA:131,0
DA:132,0
DA:133,0
DA:134,0
DA:135,0
DA:136,0
FN:144,HalmosInitiatorTest.check_Address0_failTokenFalse
FNDA:0,HalmosInitiatorTest.check_Address0_failTokenFalse
DA:150,0
DA:152,0
DA:153,0
DA:154,0
DA:155,0
DA:157,0
DA:158,0
DA:160,0
DA:161,0
DA:162,0
DA:167,0
BRDA:167,2,0,-
BRDA:167,2,1,-
DA:168,0
DA:171,0
DA:172,0
DA:173,0
DA:174,0
DA:175,0
DA:176,0
DA:177,0
DA:178,0
FN:186,HalmosInitiatorTest.check_test_initiatePayment
FNDA:0,HalmosInitiatorTest.check_test_initiatePayment
DA:193,0
DA:194,0
DA:195,0
DA:196,0
DA:198,0
DA:199,0
DA:200,0
DA:201,0
DA:204,0
DA:205,0
DA:206,0
DA:207,0
DA:210,0
DA:211,0
DA:212,0
DA:215,0
DA:216,0
DA:217,0
DA:220,0
DA:221,0
DA:224,0
DA:225,0
DA:226,0
DA:232,0
FNF:6
FNH:0
LF:105
LH:0
BRF:6
BRH:0
end_of_record
TN:
SF:test/Initiator/Halmos/Invariant/Handler_Initiator.t.sol
FN:16,Halmos_Invariant_InitiatorTest.gen_calldata
FNDA:0,Halmos_Invariant_InitiatorTest.gen_calldata
DA:21,0
DA:22,0
DA:23,0
DA:24,0
DA:25,0
DA:26,0
DA:29,0
DA:30,0
BRDA:30,0,0,-
BRDA:30,0,1,-
DA:31,0
DA:32,0
BRDA:32,1,0,-
BRDA:32,1,1,-
DA:33,0
DA:34,0
BRDA:34,2,0,-
BRDA:34,2,1,-
DA:35,0
DA:36,0
BRDA:36,3,0,-
BRDA:36,3,1,-
DA:37,0
DA:38,0
BRDA:38,4,0,-
BRDA:38,4,1,-
DA:39,0
DA:40,0
BRDA:40,5,0,-
BRDA:40,5,1,-
DA:41,0
DA:46,0
DA:48,0
FNF:1
FNH:0
LF:21
LH:0
BRF:12
BRH:0
end_of_record
TN:
SF:test/Initiator/Halmos/SeUpH.sol
FN:23,SetUpHalmosInitiatorTest.setUp
FNDA:0,SetUpHalmosInitiatorTest.setUp
DA:24,0
DA:25,0
DA:27,0
DA:28,0
DA:29,0
DA:31,0
DA:32,0
DA:34,0
DA:37,0
DA:38,0
DA:39,0
DA:40,0
DA:42,0
DA:43,0
DA:44,0
DA:45,0
DA:46,0
DA:47,0
DA:48,0
DA:49,0
DA:50,0
DA:51,0
FNF:1
FNH:0
LF:22
LH:0
BRF:0
BRH:0
end_of_record
TN:
SF:test/Initiator/PropertiesInitiator.sol
FN:8,PropertiesInitiator.invariant_INITIATOR_01
FNDA:0,PropertiesInitiator.invariant_INITIATOR_01
DA:9,0
FNF:1
FNH:0
LF:1
LH:0
BRF:0
BRH:0
end_of_record
TN:
SF:test/SubExecutor/Foundry/SetUpFE.sol
FN:20,SetUp_FoundrySubExecutor.setUp
FNDA:0,SetUp_FoundrySubExecutor.setUp
DA:22,0
DA:23,0
DA:25,0
DA:26,0
DA:27,0
DA:29,0
DA:30,0
DA:31,0
DA:33,0
DA:35,0
DA:36,0
DA:37,0
DA:38,0
DA:40,0
DA:41,0
DA:42,0
DA:43,0
DA:44,0
DA:45,0
DA:46,0
DA:47,0
DA:48,0
DA:49,0
FNF:1
FNH:0
LF:23
LH:0
BRF:0
BRH:0
end_of_record
TN:
SF:test/SubExecutor/Halmos/Fuzz/FuzzHalmosSubExecutor.t.sol
FN:13,HalmosSubExecutor_Fuzz_Test.ckeck_testFuzzCreateSub
FNDA:0,HalmosSubExecutor_Fuzz_Test.ckeck_testFuzzCreateSub
DA:19,0
DA:21,0
DA:22,0
DA:23,0
DA:32,0
FN:39,HalmosSubExecutor_Fuzz_Test.check_testFuzzCreateSubscription
FNDA:0,HalmosSubExecutor_Fuzz_Test.check_testFuzzCreateSubscription
DA:41,0
DA:42,0
DA:43,0
DA:45,0
DA:46,0
DA:47,0
DA:49,0
DA:51,0
DA:52,0
DA:53,0
DA:54,0
DA:55,0
DA:57,0
DA:58,0
FN:66,HalmosSubExecutor_Fuzz_Test.check_testFuzzSubscriptionExtremeDates
FNDA:0,HalmosSubExecutor_Fuzz_Test.check_testFuzzSubscriptionExtremeDates
DA:67,0
DA:68,0
DA:69,0
DA:71,0
DA:73,0
DA:74,0
DA:75,0
DA:76,0
DA:78,0
DA:79,0
FN:89,HalmosSubExecutor_Fuzz_Test.check_testFuzzSubscriptionNegative
FNDA:0,HalmosSubExecutor_Fuzz_Test.check_testFuzzSubscriptionNegative
DA:90,0
DA:91,0
DA:92,0
DA:94,0
DA:96,0
DA:97,0
DA:98,0
DA:99,0
DA:101,0
DA:102,0
DA:103,0
DA:104,0
DA:105,0
FN:114,HalmosSubExecutor_Fuzz_Test.check_testFuzzModifyInterval
FNDA:0,HalmosSubExecutor_Fuzz_Test.check_testFuzzModifyInterval
DA:116,0
DA:117,0
DA:118,0
DA:119,0
DA:122,0
DA:123,0
DA:124,0
DA:125,0
DA:127,0
DA:129,0
DA:130,0
DA:131,0
DA:132,0
DA:134,0
DA:145,0
DA:147,0
DA:149,0
DA:150,0
DA:151,0
FN:159,HalmosSubExecutor_Fuzz_Test.check_testFuzzModifySubscription
FNDA:0,HalmosSubExecutor_Fuzz_Test.check_testFuzzModifySubscription
DA:160,0
DA:161,0
DA:162,0
DA:164,0
DA:165,0
DA:166,0
DA:168,0
DA:169,0
DA:170,0
DA:172,0
DA:173,0
DA:174,0
DA:176,0
DA:178,0
DA:179,0
DA:181,0
DA:182,0
FN:190,HalmosSubExecutor_Fuzz_Test.check_testFuzzRevokeSubscription
FNDA:0,HalmosSubExecutor_Fuzz_Test.check_testFuzzRevokeSubscription
DA:192,0
DA:193,0
DA:194,0
DA:196,0
DA:197,0
DA:198,0
DA:200,0
DA:202,0
DA:203,0
DA:204,0
DA:206,0
DA:208,0
DA:209,0
DA:211,0
DA:212,0
BRDA:212,0,0,-
BRDA:212,0,1,-
FN:219,HalmosSubExecutor_Fuzz_Test.check_testFuzzRevokeSubscriptionWithTime
FNDA:0,HalmosSubExecutor_Fuzz_Test.check_testFuzzRevokeSubscriptionWithTime
DA:221,0
DA:222,0
DA:223,0
DA:224,0
DA:226,0
DA:227,0
DA:228,0
DA:229,0
DA:231,0
DA:232,0
DA:233,0
DA:235,0
DA:236,0
DA:237,0
DA:239,0
DA:241,0
DA:242,0
DA:244,0
DA:245,0
FN:253,HalmosSubExecutor_Fuzz_Test.check_test_FuzzERC20Payment
FNDA:0,HalmosSubExecutor_Fuzz_Test.check_test_FuzzERC20Payment
DA:255,0
DA:256,0
DA:257,0
DA:258,0
DA:259,0
DA:261,0
DA:262,0
DA:263,0
DA:264,0
DA:266,0
DA:268,0
DA:270,0
DA:271,0
FN:277,HalmosSubExecutor_Fuzz_Test.check_test_initiatePayment
FNDA:0,HalmosSubExecutor_Fuzz_Test.check_test_initiatePayment
DA:279,0
DA:280,0
DA:282,0
DA:283,0
DA:284,0
DA:286,0
DA:287,0
DA:288,0
DA:290,0
DA:291,0
DA:293,0
DA:294,0
DA:295,0
DA:297,0
DA:298,0
DA:299,0
DA:301,0
DA:304,0
DA:305,0
DA:308,0
DA:309,0
DA:312,0
DA:313,0
FN:320,HalmosSubExecutor_Fuzz_Test.ckeck_Fuzz_processPayment
FNDA:0,HalmosSubExecutor_Fuzz_Test.ckeck_Fuzz_processPayment
DA:323,0
DA:324,0
DA:325,0
DA:328,0
DA:329,0
DA:330,0
DA:333,0
DA:334,0
DA:335,0
DA:338,0
DA:339,0
DA:342,0
DA:343,0
DA:344,0
DA:346,0
DA:347,0
DA:348,0
DA:351,0
DA:354,0
DA:355,0
DA:358,0
DA:359,0
DA:362,0
DA:363,0
FNF:11
FNH:0
LF:172
LH:0
BRF:2
BRH:0
end_of_record
TN:
SF:test/SubExecutor/Halmos/SetUpHS.sol
FN:21,SetUp_HalmosSubExecutor.setUp
FNDA:0,SetUp_HalmosSubExecutor.setUp
DA:23,0
DA:24,0
DA:26,0
DA:27,0
DA:28,0
DA:30,0
DA:31,0
DA:32,0
DA:34,0
DA:36,0
DA:37,0
DA:38,0
DA:39,0
DA:41,0
DA:42,0
DA:43,0
DA:44,0
DA:45,0
DA:46,0
DA:47,0
DA:48,0
DA:49,0
DA:50,0
FNF:1
FNH:0
LF:23
LH:0
BRF:0
BRH:0
end_of_record
